2023-10-29T03:13:25+00:00 INFO (6): -----------------Start Log----------------
2023-10-29T03:13:25+00:00 INFO (6): 2c2p Webhook params: {"version":"6.9","request_timestamp":"2023-10-29 10:12:46","merchant_id":"764764000001140","order_id":"3000039179","invoice_no":"3000039179","currency":"764","amount":"000000603000","transaction_ref":"326612863","approval_code":"472546","eci":"05","transaction_datetime":"2023-10-29 10:13:16","payment_channel":"005","payment_status":"000","channel_response_code":"00","channel_response_desc":"Approved","masked_pan":"47737601XXXX0987","stored_card_unique_id":"","backend_invoice":"326612863","paid_channel":"","paid_agent":"SCB","recurring_unique_id":"","user_defined_1":"64442","user_defined_2":"","user_defined_3":"","user_defined_4":"","user_defined_5":"","browser_info":"","ippPeriod":"6","ippInterestType":"M","ippInterestRate":"0.7000","ippMerchantAbsorbRate":"0.0000","hash_value":"D713394BE1B45239E3A7A1D98AF74B92608AB4A9"}
2023-10-29T03:13:25+00:00 INFO (6): Order ID: 64442, Increment ID: 3000039179, Grand Total: 6030.0000
2023-10-29T03:13:25+00:00 INFO (6): -----------------Start Logging Order Products List----------------
2023-10-29T03:13:25+00:00 INFO (6): Product ID: 3138, Name : กระเป๋าสะพายไหล่เลอ ปลิยาจ กรีน ไซส์ L, SKU : 1899919001, Product Final Price : 6700
2023-10-29T03:13:25+00:00 INFO (6): -----------------End Logging Order Products List----------------
2023-10-29T03:13:25+00:00 INFO (6): -----------------End Log----------------
2023-10-29T03:13:29+00:00 INFO (6): Payment Inquiry Response: {"cardNo":"47737601XXXX0987","cardToken":"","loyaltyPoints":null,"merchantID":"764764000001140","invoiceNo":"3000039179","amount":6030,"monthlyPayment":"1,005.00","userDefined1":"64442","userDefined2":"","userDefined3":"","userDefined4":"","userDefined5":"","currencyCode":"THB","recurringUniqueID":"","tranRef":"326612863","referenceNo":"0606f494-b2c4-4343-98f0-9cc8cd8c74a4","approvalCode":"472546","eci":"05","transactionDateTime":"20231029101316","agentCode":"SCB","channelCode":"VI","issuerCountry":"TH","issuerBank":"Siam Commercial Bank Public Company Limited (CardX)","installmentPeriod":6,"interestType":"M","interestRate":0.7,"installmentMerchantAbsorbRate":0,"cardType":"Credit","idempotencyID":"","paymentScheme":"VI","processingAmount":"0.00","displayProcessingAmount":false,"respCode":"0000","respDesc":"Success"}
2023-10-29T04:00:39+00:00 INFO (6): -----------------Start Log----------------
2023-10-29T04:00:39+00:00 INFO (6): 2c2p Webhook params: {"version":"6.9","request_timestamp":"2023-10-29 11:00:05","merchant_id":"764764000001140","order_id":"3000039185","invoice_no":"3000039185","currency":"764","amount":"000000558000","transaction_ref":"326636672","approval_code":"116176","eci":"05","transaction_datetime":"2023-10-29 11:00:31","payment_channel":"005","payment_status":"000","channel_response_code":"00","channel_response_desc":"Approved","masked_pan":"439137XXXXXX2496","stored_card_unique_id":"","backend_invoice":"326636672","paid_channel":"","paid_agent":"KTC","recurring_unique_id":"","user_defined_1":"64448","user_defined_2":"","user_defined_3":"","user_defined_4":"","user_defined_5":"","browser_info":"","ippPeriod":"6","ippInterestType":"M","ippInterestRate":"0.6500","ippMerchantAbsorbRate":"0.0000","hash_value":"C5934AEA69F99C6CA49494291AC8D96AD964BD4E"}
2023-10-29T04:00:39+00:00 INFO (6): Order ID: 64448, Increment ID: 3000039185, Grand Total: 5580.0000
2023-10-29T04:00:39+00:00 INFO (6): -----------------Start Logging Order Products List----------------
2023-10-29T04:00:39+00:00 INFO (6): Product ID: 270, Name : กระเป๋าสะพายหลังเลอ ปลิยาจ ออริจินัล, SKU : 1699089001, Product Final Price : 6200
2023-10-29T04:00:39+00:00 INFO (6): -----------------End Logging Order Products List----------------
2023-10-29T04:00:39+00:00 INFO (6): -----------------End Log----------------
2023-10-29T04:00:44+00:00 INFO (6): Payment Inquiry Response: {"cardNo":"439137XXXXXX2496","cardToken":"","loyaltyPoints":null,"merchantID":"764764000001140","invoiceNo":"3000039185","amount":5580,"monthlyPayment":"930.00","userDefined1":"64448","userDefined2":"","userDefined3":"","userDefined4":"","userDefined5":"","currencyCode":"THB","recurringUniqueID":"","tranRef":"326636672","referenceNo":"421b1630-28f8-4c6f-8572-99678a6f40ea","approvalCode":"116176","eci":"05","transactionDateTime":"20231029110031","agentCode":"KTC","channelCode":"VI","issuerCountry":"TH","issuerBank":"KRUNGTHAI CARD PUBLIC COMPANY LIMITED","installmentPeriod":6,"interestType":"M","interestRate":0.65,"installmentMerchantAbsorbRate":0,"cardType":"CREDIT","idempotencyID":"","paymentScheme":"VI","processingAmount":"0.00","displayProcessingAmount":false,"respCode":"0000","respDesc":"Success"}
2023-10-29T06:19:17+00:00 INFO (6): -----------------Start Log----------------
2023-10-29T06:19:17+00:00 INFO (6): 2c2p Webhook params: {"version":"6.9","request_timestamp":"2023-10-29 13:18:32","merchant_id":"764764000001140","order_id":"3000039197","invoice_no":"3000039197","currency":"764","amount":"000000297500","transaction_ref":"326714169","approval_code":"0046L5","eci":"xx","transaction_datetime":"2023-10-29 13:19:06","payment_channel":"001","payment_status":"000","channel_response_code":"00","channel_response_desc":"Approved","masked_pan":"","stored_card_unique_id":"","backend_invoice":"211172648","paid_channel":"","paid_agent":"","recurring_unique_id":"","user_defined_1":"64460","user_defined_2":"","user_defined_3":"","user_defined_4":"","user_defined_5":"","browser_info":"","ippPeriod":"","ippInterestType":"","ippInterestRate":"","ippMerchantAbsorbRate":"","hash_value":"A10513EF1DFFBD494272F53CDFA3CF85227CED52"}
2023-10-29T06:19:17+00:00 INFO (6): Order ID: 64460, Increment ID: 3000039197, Grand Total: 2975.0000
2023-10-29T06:19:17+00:00 INFO (6): -----------------Start Logging Order Products List----------------
2023-10-29T06:19:17+00:00 INFO (6): Product ID: 11922, Name : เสื้อยืด ลายปาเลส์ รอยัล สีเทาฟ้า, SKU : LW00107KJ0008P445L, Product Final Price : 3500
2023-10-29T06:19:17+00:00 INFO (6): -----------------End Logging Order Products List----------------
2023-10-29T06:19:17+00:00 INFO (6): -----------------End Log----------------
2023-10-29T06:19:20+00:00 INFO (6): Payment Inquiry Response: {"cardNo":"","cardToken":"","loyaltyPoints":null,"merchantID":"764764000001140","invoiceNo":"3000039197","amount":2975,"monthlyPayment":null,"userDefined1":"64460","userDefined2":"","userDefined3":"","userDefined4":"","userDefined5":"","currencyCode":"THB","recurringUniqueID":"","tranRef":"326714169","referenceNo":"211172648","approvalCode":"0046L5","eci":"xx","transactionDateTime":"20231029131906","agentCode":"000","channelCode":"ETQ","issuerCountry":"","issuerBank":"","installmentMerchantAbsorbRate":null,"idempotencyID":"","paymentScheme":"EQ","displayProcessingAmount":false,"respCode":"0000","respDesc":"Success"}
2023-10-29T07:12:27+00:00 INFO (6): -----------------Start Log----------------
2023-10-29T07:12:27+00:00 INFO (6): 2c2p Webhook params: {"version":"6.9","request_timestamp":"2023-10-29 14:12:17","merchant_id":"764764000001140","order_id":"3000039200","invoice_no":"3000039200","currency":"764","amount":"000000558000","transaction_ref":"326744099","approval_code":"","eci":"00","transaction_datetime":"2023-10-29 14:12:19","payment_channel":"005","payment_status":"002","channel_response_code":"81","channel_response_desc":"Unable to authenticate cardholder","masked_pan":"522985XXXXXX4125","stored_card_unique_id":"","backend_invoice":"","paid_channel":"","paid_agent":"BBL","recurring_unique_id":"","user_defined_1":"64463","user_defined_2":"","user_defined_3":"","user_defined_4":"","user_defined_5":"","browser_info":"","ippPeriod":"3","ippInterestType":"M","ippInterestRate":"0.6500","ippMerchantAbsorbRate":"0.0000","hash_value":"CC0121E4462BBFF24DE1BF30C2F39331B21A2B5E"}
2023-10-29T07:12:27+00:00 INFO (6): Order ID: 64463, Increment ID: 3000039200, Grand Total: 5580.0000
2023-10-29T07:12:27+00:00 INFO (6): -----------------Start Logging Order Products List----------------
2023-10-29T07:12:27+00:00 INFO (6): Product ID: 5737, Name : กระเป๋าสะพายไหล่เลอ ปลิยาจ ออริจินัล ไซส์ M, SKU : 2605089P68, Product Final Price : 6200
2023-10-29T07:12:27+00:00 INFO (6): -----------------End Logging Order Products List----------------
2023-10-29T07:12:27+00:00 INFO (6): -----------------End Log----------------
2023-10-29T07:12:27+00:00 INFO (6): Payment Inquiry Response: {"cardNo":"522985XXXXXX4125","cardToken":"","loyaltyPoints":null,"merchantID":"764764000001140","invoiceNo":"3000039200","amount":5580,"monthlyPayment":"1,860.00","userDefined1":"64463","userDefined2":"","userDefined3":"","userDefined4":"","userDefined5":"","currencyCode":"THB","recurringUniqueID":"","tranRef":"326744099","referenceNo":"","approvalCode":"","eci":"00","transactionDateTime":"20231029141219","agentCode":"BBL","channelCode":"MA","issuerCountry":"TH","issuerBank":"BANGKOK BANK PUBLIC COMPANY LIMITED","installmentPeriod":3,"interestType":"M","interestRate":0.65,"installmentMerchantAbsorbRate":0,"cardType":"CREDIT","idempotencyID":"","paymentScheme":"MA","processingAmount":"0.00","displayProcessingAmount":false,"respCode":"4081","respDesc":"Unable to authenticate card holder"}
2023-10-29T09:17:08+00:00 INFO (6): -----------------Start Log----------------
2023-10-29T09:17:08+00:00 INFO (6): 2c2p Webhook params: {"version":"6.9","request_timestamp":"2023-10-29 16:16:38","merchant_id":"764764000001140","order_id":"2000025346","invoice_no":"2000025346","currency":"764","amount":"000001100000","transaction_ref":"326809270","approval_code":"007320","eci":"05","transaction_datetime":"2023-10-29 16:16:59","payment_channel":"005","payment_status":"000","channel_response_code":"00","channel_response_desc":"Approved","masked_pan":"403375XXXXXX7707","stored_card_unique_id":"","backend_invoice":"211208724","paid_channel":"","paid_agent":"UOBT","recurring_unique_id":"","user_defined_1":"64469","user_defined_2":"","user_defined_3":"","user_defined_4":"","user_defined_5":"","browser_info":"","ippPeriod":"6","ippInterestType":"M","ippInterestRate":"0.6000","ippMerchantAbsorbRate":"0.0000","hash_value":"F501C6B56252BB69441866A8D82C422D8243E1EC"}
2023-10-29T09:17:08+00:00 INFO (6): Order ID: 64469, Increment ID: 2000025346, Grand Total: 11000.0000
2023-10-29T09:17:08+00:00 INFO (6): -----------------Start Logging Order Products List----------------
2023-10-29T09:17:09+00:00 INFO (6): Product ID: 4626, Name : LE PLIAGE CITY SHOULDER BAG M, SKU : 2605HYQ001, Product Final Price : 11000
2023-10-29T09:17:09+00:00 INFO (6): -----------------End Logging Order Products List----------------
2023-10-29T09:17:09+00:00 INFO (6): -----------------End Log----------------
2023-10-29T09:17:12+00:00 INFO (6): Payment Inquiry Response: {"cardNo":"403375XXXXXX7707","cardToken":"","loyaltyPoints":null,"merchantID":"764764000001140","invoiceNo":"2000025346","amount":11000,"monthlyPayment":"1,833.33","userDefined1":"64469","userDefined2":"","userDefined3":"","userDefined4":"","userDefined5":"","currencyCode":"THB","recurringUniqueID":"","tranRef":"326809270","referenceNo":"211208724","approvalCode":"007320","eci":"05","transactionDateTime":"20231029161659","agentCode":"UOBT","channelCode":"VI","issuerCountry":"TH","issuerBank":"UNITED OVERSEAS BANK (THAI) PUBLIC COMPANY LIMITED","installmentPeriod":6,"interestType":"M","interestRate":0.6,"installmentMerchantAbsorbRate":0,"cardType":"CREDIT","idempotencyID":"","paymentScheme":"VI","processingAmount":"0.00","displayProcessingAmount":false,"respCode":"0000","respDesc":"Success"}
2023-10-29T11:45:12+00:00 INFO (6): -----------------Start Log----------------
2023-10-29T11:45:12+00:00 INFO (6): 2c2p Webhook params: {"version":"6.9","request_timestamp":"2023-10-29 18:44:46","merchant_id":"764764000001140","order_id":"3000039209","invoice_no":"3000039209","currency":"764","amount":"000001660000","transaction_ref":"326882274","approval_code":"255989","eci":"02","transaction_datetime":"2023-10-29 18:45:03","payment_channel":"005","payment_status":"000","channel_response_code":"00","channel_response_desc":"Approved","masked_pan":"523910XXXXXX6845","stored_card_unique_id":"","backend_invoice":"326882274","paid_channel":"","paid_agent":"KTC","recurring_unique_id":"","user_defined_1":"64496","user_defined_2":"","user_defined_3":"","user_defined_4":"","user_defined_5":"","browser_info":"","ippPeriod":"6","ippInterestType":"M","ippInterestRate":"0.6500","ippMerchantAbsorbRate":"0.0000","hash_value":"A94B7BBAD17DFF497612F083A5FB810CE40625ED"}
2023-10-29T11:45:12+00:00 INFO (6): Order ID: 64496, Increment ID: 3000039209, Grand Total: 16600.0000
2023-10-29T11:45:12+00:00 INFO (6): -----------------Start Logging Order Products List----------------
2023-10-29T11:45:12+00:00 INFO (6): Product ID: 13143, Name : กระเป๋าสะพายข้างคีร่าลายเชฟรอน, SKU : 152353 250 OS, Product Final Price : 17100
2023-10-29T11:45:12+00:00 INFO (6): -----------------End Logging Order Products List----------------
2023-10-29T11:45:12+00:00 INFO (6): -----------------End Log----------------
2023-10-29T11:45:16+00:00 INFO (6): Payment Inquiry Response: {"cardNo":"523910XXXXXX6845","cardToken":"","loyaltyPoints":null,"merchantID":"764764000001140","invoiceNo":"3000039209","amount":16600,"monthlyPayment":"2,766.67","userDefined1":"64496","userDefined2":"","userDefined3":"","userDefined4":"","userDefined5":"","currencyCode":"THB","recurringUniqueID":"","tranRef":"326882274","referenceNo":"07f0d3f8-20d7-472f-9cbc-cb8a85c96e4e","approvalCode":"255989","eci":"02","transactionDateTime":"20231029184503","agentCode":"KTC","channelCode":"MA","issuerCountry":"TH","issuerBank":"KRUNGTHAI CARD PUBLIC COMPANY LIMITED","installmentPeriod":6,"interestType":"M","interestRate":0.65,"installmentMerchantAbsorbRate":0,"cardType":"CREDIT","idempotencyID":"","paymentScheme":"MA","processingAmount":"0.00","displayProcessingAmount":false,"respCode":"0000","respDesc":"Success"}
2023-10-29T12:44:15+00:00 INFO (6): -----------------Start Log----------------
2023-10-29T12:44:15+00:00 INFO (6): 2c2p Webhook params: {"version":"6.9","request_timestamp":"2023-10-29 19:43:52","merchant_id":"764764000001140","order_id":"3000039218","invoice_no":"3000039218","currency":"764","amount":"000000300000","transaction_ref":"326909327","approval_code":"411647","eci":"02","transaction_datetime":"2023-10-29 19:44:06","payment_channel":"001","payment_status":"000","channel_response_code":"00","channel_response_desc":"Approved","masked_pan":"540716XXXXXX3041","stored_card_unique_id":"","backend_invoice":"211239814","paid_channel":"","paid_agent":"","recurring_unique_id":"","user_defined_1":"64505","user_defined_2":"","user_defined_3":"","user_defined_4":"","user_defined_5":"","browser_info":"","ippPeriod":"","ippInterestType":"","ippInterestRate":"","ippMerchantAbsorbRate":"","hash_value":"283160EA9790CE4E7674ABB3984B539059C9ACAB"}
2023-10-29T12:44:15+00:00 INFO (6): Order ID: 64505, Increment ID: 3000039218, Grand Total: 3000.0000
2023-10-29T12:44:15+00:00 INFO (6): -----------------Start Logging Order Products List----------------
2023-10-29T12:44:15+00:00 INFO (6): Product ID: 13909, Name : กระเป๋าโท้ทลายฟ๊อกซ์เฮด สีขาว, SKU : LW05101WW0050P700U, Product Final Price : 3500
2023-10-29T12:44:15+00:00 INFO (6): -----------------End Logging Order Products List----------------
2023-10-29T12:44:15+00:00 INFO (6): -----------------End Log----------------
2023-10-29T12:44:19+00:00 INFO (6): Payment Inquiry Response: {"cardNo":"540716XXXXXX3041","cardToken":"","loyaltyPoints":null,"merchantID":"764764000001140","invoiceNo":"3000039218","amount":3000,"monthlyPayment":null,"userDefined1":"64505","userDefined2":"","userDefined3":"","userDefined4":"","userDefined5":"","currencyCode":"THB","recurringUniqueID":"","tranRef":"326909327","referenceNo":"211239814","approvalCode":"411647","eci":"02","transactionDateTime":"20231029194406","agentCode":"000","channelCode":"MA","issuerCountry":"TH","issuerBank":"KRUNGTHAI CARD PUBLIC COMPANY LIMITED","installmentMerchantAbsorbRate":null,"cardType":"CREDIT","idempotencyID":"","paymentScheme":"MA","displayProcessingAmount":false,"respCode":"0000","respDesc":"Success"}
2023-10-29T13:30:17+00:00 INFO (6): -----------------Start Log----------------
2023-10-29T13:30:17+00:00 INFO (6): 2c2p Webhook params: {"version":"6.9","request_timestamp":"2023-10-29 20:29:11","merchant_id":"764764000001140","order_id":"3000039221","invoice_no":"3000039221","currency":"764","amount":"000000297500","transaction_ref":"326935746","approval_code":"004PNJ","eci":"xx","transaction_datetime":"2023-10-29 20:30:06","payment_channel":"001","payment_status":"000","channel_response_code":"00","channel_response_desc":"Approved","masked_pan":"","stored_card_unique_id":"","backend_invoice":"211245473","paid_channel":"","paid_agent":"","recurring_unique_id":"","user_defined_1":"64511","user_defined_2":"","user_defined_3":"","user_defined_4":"","user_defined_5":"","browser_info":"","ippPeriod":"","ippInterestType":"","ippInterestRate":"","ippMerchantAbsorbRate":"","hash_value":"3226C468D67098EB2E69436454C20800D0C37AC4"}
2023-10-29T13:30:17+00:00 INFO (6): Order ID: 64511, Increment ID: 3000039221, Grand Total: 2975.0000
2023-10-29T13:30:17+00:00 INFO (6): -----------------Start Logging Order Products List----------------
2023-10-29T13:30:17+00:00 INFO (6): Product ID: 8446, Name : กระเป๋า คาเฟ่ คิทสึเนะ สีไอซ์คอฟฟี่, SKU : SPCKU05117P222U, Product Final Price : 3500
2023-10-29T13:30:17+00:00 INFO (6): -----------------End Logging Order Products List----------------
2023-10-29T13:30:17+00:00 INFO (6): -----------------End Log----------------
2023-10-29T13:30:20+00:00 INFO (6): Payment Inquiry Response: {"cardNo":"","cardToken":"","loyaltyPoints":null,"merchantID":"764764000001140","invoiceNo":"3000039221","amount":2975,"monthlyPayment":null,"userDefined1":"64511","userDefined2":"","userDefined3":"","userDefined4":"","userDefined5":"","currencyCode":"THB","recurringUniqueID":"","tranRef":"326935746","referenceNo":"211245473","approvalCode":"004PNJ","eci":"xx","transactionDateTime":"20231029203006","agentCode":"000","channelCode":"ETQ","issuerCountry":"","issuerBank":"","installmentMerchantAbsorbRate":null,"idempotencyID":"","paymentScheme":"EQ","displayProcessingAmount":false,"respCode":"0000","respDesc":"Success"}
2023-10-29T16:46:43+00:00 INFO (6): -----------------Start Log----------------
2023-10-29T16:46:43+00:00 INFO (6): 2c2p Webhook params: {"version":"6.9","request_timestamp":"2023-10-29 23:45:54","merchant_id":"764764000001140","order_id":"2000025370","invoice_no":"2000025370","currency":"764","amount":"000000620000","transaction_ref":"327011169","approval_code":"004TXK","eci":"xx","transaction_datetime":"2023-10-29 23:46:33","payment_channel":"001","payment_status":"000","channel_response_code":"00","channel_response_desc":"Approved","masked_pan":"","stored_card_unique_id":"","backend_invoice":"211265188","paid_channel":"","paid_agent":"","recurring_unique_id":"","user_defined_1":"64532","user_defined_2":"","user_defined_3":"","user_defined_4":"","user_defined_5":"","browser_info":"","ippPeriod":"","ippInterestType":"","ippInterestRate":"","ippMerchantAbsorbRate":"","hash_value":"6B5710529D1886E542FB11DA3CCFB23536CE66E4"}
2023-10-29T16:46:43+00:00 INFO (6): Order ID: 64532, Increment ID: 2000025370, Grand Total: 6200.0000
2023-10-29T16:46:43+00:00 INFO (6): -----------------Start Logging Order Products List----------------
2023-10-29T16:46:43+00:00 INFO (6): Product ID: 3127, Name : LE PLIAGE GREEN SHOULDER BAG M, SKU : 2605919001, Product Final Price : 6200
2023-10-29T16:46:43+00:00 INFO (6): -----------------End Logging Order Products List----------------
2023-10-29T16:46:43+00:00 INFO (6): -----------------End Log----------------
2023-10-29T16:46:47+00:00 INFO (6): Payment Inquiry Response: {"cardNo":"","cardToken":"","loyaltyPoints":null,"merchantID":"764764000001140","invoiceNo":"2000025370","amount":6200,"monthlyPayment":null,"userDefined1":"64532","userDefined2":"","userDefined3":"","userDefined4":"","userDefined5":"","currencyCode":"THB","recurringUniqueID":"","tranRef":"327011169","referenceNo":"211265188","approvalCode":"004TXK","eci":"xx","transactionDateTime":"20231029234633","agentCode":"000","channelCode":"ETQ","issuerCountry":"","issuerBank":"","installmentMerchantAbsorbRate":null,"idempotencyID":"","paymentScheme":"EQ","displayProcessingAmount":false,"respCode":"0000","respDesc":"Success"}
