2023-10-29T00:48:34+00:00 INFO (6): ---------Start Log---------
2023-10-29T00:48:34+00:00 INFO (6): Data Sent To 2c2p: {"version":"6.9","merchant_id":"764764000001140","payment_description":"3000039176","default_lang":"en","order_id":"3000039176","invoice_no":"3000039176","currency":"764","amount":"000000255000","customer_email":"adinine.query@live.com","pay_category_id":"","promotion":"","user_defined_1":"64439","user_defined_2":"","user_defined_3":"","user_defined_4":"","user_defined_5":"","result_url_1":"https:\/\/www.ppgroupthailand.com\/th\/ccpp\/htmlRedirect\/response\/","result_url_2":"","payment_option":"ALL"}
2023-10-29T00:48:34+00:00 INFO (6): ---------End Log---------
2023-10-29T03:10:35+00:00 INFO (6): ---------Start Log---------
2023-10-29T03:10:35+00:00 INFO (6): Data Sent To 2c2p: {"version":"6.9","merchant_id":"764764000001140","payment_description":"3000039179","default_lang":"en","order_id":"3000039179","invoice_no":"3000039179","currency":"764","amount":"000000603000","customer_email":"suthikarn.122@gmail.com","pay_category_id":"","promotion":"","user_defined_1":"64442","user_defined_2":"","user_defined_3":"","user_defined_4":"","user_defined_5":"","result_url_1":"https:\/\/www.ppgroupthailand.com\/th\/ccpp\/htmlRedirect\/response\/","result_url_2":"","payment_option":"ALL"}
2023-10-29T03:10:35+00:00 INFO (6): ---------End Log---------
2023-10-29T04:10:43+00:00 INFO (6): ---------Start Log---------
2023-10-29T04:10:43+00:00 INFO (6): Data Sent To 2c2p: {"version":"6.9","merchant_id":"764764000001140","payment_description":"3000039188","default_lang":"en","order_id":"3000039188","invoice_no":"3000039188","currency":"764","amount":"000000486000","customer_email":"chutima_sup@hotmail.com","pay_category_id":"","promotion":"","user_defined_1":"64451","user_defined_2":"","user_defined_3":"","user_defined_4":"","user_defined_5":"","result_url_1":"https:\/\/www.ppgroupthailand.com\/th\/ccpp\/htmlRedirect\/response\/","result_url_2":"","payment_option":"ALL"}
2023-10-29T04:10:43+00:00 INFO (6): ---------End Log---------
2023-10-29T07:10:35+00:00 INFO (6): ---------Start Log---------
2023-10-29T07:10:35+00:00 INFO (6): Data Sent To 2c2p: {"version":"6.9","merchant_id":"764764000001140","payment_description":"3000039200","default_lang":"en","order_id":"3000039200","invoice_no":"3000039200","currency":"764","amount":"000000558000","customer_email":"sriweeraphun66@gmail.com","pay_category_id":"","promotion":"","user_defined_1":"64463","user_defined_2":"","user_defined_3":"","user_defined_4":"","user_defined_5":"","result_url_1":"https:\/\/www.ppgroupthailand.com\/th\/ccpp\/htmlRedirect\/response\/","result_url_2":"","payment_option":"ALL"}
2023-10-29T07:10:35+00:00 INFO (6): ---------End Log---------
2023-10-29T08:57:57+00:00 INFO (6): ---------Start Log---------
2023-10-29T08:57:57+00:00 INFO (6): Data Sent To 2c2p: {"version":"6.9","merchant_id":"764764000001140","payment_description":"2000025343","default_lang":"en","order_id":"2000025343","invoice_no":"2000025343","currency":"764","amount":"000000400000","customer_email":"darthninee@gmail.com","pay_category_id":"","promotion":"","user_defined_1":"64466","user_defined_2":"","user_defined_3":"","user_defined_4":"","user_defined_5":"","result_url_1":"https:\/\/www.ppgroupthailand.com\/en\/ccpp\/htmlRedirect\/response\/","result_url_2":"","payment_option":"ALL"}
2023-10-29T08:57:57+00:00 INFO (6): ---------End Log---------
2023-10-29T12:43:05+00:00 INFO (6): ---------Start Log---------
2023-10-29T12:43:05+00:00 INFO (6): Data Sent To 2c2p: {"version":"6.9","merchant_id":"764764000001140","payment_description":"3000039218","default_lang":"en","order_id":"3000039218","invoice_no":"3000039218","currency":"764","amount":"000000300000","customer_email":"tumchanachok@yahoo.com","pay_category_id":"","promotion":"","user_defined_1":"64505","user_defined_2":"","user_defined_3":"","user_defined_4":"","user_defined_5":"","result_url_1":"https:\/\/www.ppgroupthailand.com\/th\/ccpp\/htmlRedirect\/response\/","result_url_2":"","payment_option":"ALL"}
2023-10-29T12:43:05+00:00 INFO (6): ---------End Log---------
2023-10-29T14:42:00+00:00 INFO (6): ---------Start Log---------
2023-10-29T14:42:00+00:00 INFO (6): Data Sent To 2c2p: {"version":"6.9","merchant_id":"764764000001140","payment_description":"3000039227","default_lang":"en","order_id":"3000039227","invoice_no":"3000039227","currency":"764","amount":"000001450000","customer_email":"nipawanx@yahoo.co.in","pay_category_id":"","promotion":"","user_defined_1":"64517","user_defined_2":"","user_defined_3":"","user_defined_4":"","user_defined_5":"","result_url_1":"https:\/\/www.ppgroupthailand.com\/th\/ccpp\/htmlRedirect\/response\/","result_url_2":"","payment_option":"ALL"}
2023-10-29T14:42:00+00:00 INFO (6): ---------End Log---------
2023-10-29T15:09:12+00:00 INFO (6): ---------Start Log---------
2023-10-29T15:09:12+00:00 INFO (6): Data Sent To 2c2p: {"version":"6.9","merchant_id":"764764000001140","payment_description":"3000039230","default_lang":"en","order_id":"3000039230","invoice_no":"3000039230","currency":"764","amount":"000000832500","customer_email":"issariya.u@gmail.com","pay_category_id":"","promotion":"","user_defined_1":"64520","user_defined_2":"","user_defined_3":"","user_defined_4":"","user_defined_5":"","result_url_1":"https:\/\/www.ppgroupthailand.com\/th\/ccpp\/htmlRedirect\/response\/","result_url_2":"","payment_option":"ALL"}
2023-10-29T15:09:12+00:00 INFO (6): ---------End Log---------
2023-10-29T16:52:27+00:00 INFO (6): ---------Start Log---------
2023-10-29T16:52:27+00:00 INFO (6): Data Sent To 2c2p: {"version":"6.9","merchant_id":"764764000001140","payment_description":"3000039242","default_lang":"en","order_id":"3000039242","invoice_no":"3000039242","currency":"764","amount":"000001080000","customer_email":"aonbbs@gmail.com","pay_category_id":"","promotion":"","user_defined_1":"64535","user_defined_2":"","user_defined_3":"","user_defined_4":"","user_defined_5":"","result_url_1":"https:\/\/www.ppgroupthailand.com\/th\/ccpp\/htmlRedirect\/response\/","result_url_2":"","payment_option":"ALL"}
2023-10-29T16:52:27+00:00 INFO (6): ---------End Log---------
