2023-10-30T01:13:05+00:00 INFO (6): -----------------Start Log----------------
2023-10-30T01:13:05+00:00 INFO (6): 2c2p Webhook params: {"version":"6.9","request_timestamp":"2023-10-30 08:12:44","merchant_id":"764764000001140","order_id":"2000025373","invoice_no":"2000025373","currency":"764","amount":"000000255000","transaction_ref":"327091911","approval_code":"T09815","eci":"02","transaction_datetime":"2023-10-30 08:13:00","payment_channel":"001","payment_status":"000","channel_response_code":"00","channel_response_desc":"Approved","masked_pan":"525668XXXXXX0966","stored_card_unique_id":"","backend_invoice":"211285625","paid_channel":"","paid_agent":"","recurring_unique_id":"","user_defined_1":"64541","user_defined_2":"","user_defined_3":"","user_defined_4":"","user_defined_5":"","browser_info":"","ippPeriod":"","ippInterestType":"","ippInterestRate":"","ippMerchantAbsorbRate":"","hash_value":"1DD923F2BA3C509C427B9FD8CDD77C66451039B4"}
2023-10-30T01:13:05+00:00 INFO (6): Order ID: 64541, Increment ID: 2000025373, Grand Total: 2550.0000
2023-10-30T01:13:05+00:00 INFO (6): -----------------Start Logging Order Products List----------------
2023-10-30T01:13:05+00:00 INFO (6): Product ID: 11763, Name : PALAIS ROYAL SHOPPING BAG ECRU, SKU : LW05102WW0008P700U, Product Final Price : 3000
2023-10-30T01:13:05+00:00 INFO (6): -----------------End Logging Order Products List----------------
2023-10-30T01:13:05+00:00 INFO (6): -----------------End Log----------------
2023-10-30T01:13:09+00:00 INFO (6): Payment Inquiry Response: {"cardNo":"525668XXXXXX0966","cardToken":"","loyaltyPoints":null,"merchantID":"764764000001140","invoiceNo":"2000025373","amount":2550,"monthlyPayment":null,"userDefined1":"64541","userDefined2":"","userDefined3":"","userDefined4":"","userDefined5":"","currencyCode":"THB","recurringUniqueID":"","tranRef":"327091911","referenceNo":"211285625","approvalCode":"T09815","eci":"02","transactionDateTime":"20231030081300","agentCode":"000","channelCode":"MA","issuerCountry":"TH","issuerBank":"General Card Services Limited","installmentMerchantAbsorbRate":null,"cardType":"Credit","idempotencyID":"","paymentScheme":"MA","displayProcessingAmount":false,"respCode":"0000","respDesc":"Success"}
2023-10-30T05:45:44+00:00 INFO (6): -----------------Start Log----------------
2023-10-30T05:45:44+00:00 INFO (6): 2c2p Webhook params: {"version":"6.9","request_timestamp":"2023-10-30 12:45:21","merchant_id":"764764000001140","order_id":"3000039266","invoice_no":"3000039266","currency":"764","amount":"000000357000","transaction_ref":"327234633","approval_code":"628546","eci":"05","transaction_datetime":"2023-10-30 12:45:35","payment_channel":"001","payment_status":"000","channel_response_code":"00","channel_response_desc":"Approved","masked_pan":"454325XXXXXX2225","stored_card_unique_id":"","backend_invoice":"211331771","paid_channel":"","paid_agent":"","recurring_unique_id":"","user_defined_1":"64568","user_defined_2":"","user_defined_3":"","user_defined_4":"","user_defined_5":"","browser_info":"","ippPeriod":"","ippInterestType":"","ippInterestRate":"","ippMerchantAbsorbRate":"","hash_value":"A2F8E87484F4C63A1557D11EADD34E781E3A5EAD"}
2023-10-30T05:45:44+00:00 INFO (6): Order ID: 64568, Increment ID: 3000039266, Grand Total: 3570.0000
2023-10-30T05:45:44+00:00 INFO (6): -----------------Start Logging Order Products List----------------
2023-10-30T05:45:44+00:00 INFO (6): Product ID: 13828, Name : เสื้อยืดพอดีตัวแต่งลายมือเมซง คิทสึเนะ สีเทาอ่อน, SKU : LW00115KJ0008H120S, Product Final Price : 4200
2023-10-30T05:45:44+00:00 INFO (6): -----------------End Logging Order Products List----------------
2023-10-30T05:45:44+00:00 INFO (6): -----------------End Log----------------
2023-10-30T05:45:48+00:00 INFO (6): Payment Inquiry Response: {"cardNo":"454325XXXXXX2225","cardToken":"","loyaltyPoints":null,"merchantID":"764764000001140","invoiceNo":"3000039266","amount":3570,"monthlyPayment":null,"userDefined1":"64568","userDefined2":"","userDefined3":"","userDefined4":"","userDefined5":"","currencyCode":"THB","recurringUniqueID":"","tranRef":"327234633","referenceNo":"211331771","approvalCode":"628546","eci":"05","transactionDateTime":"20231030124535","agentCode":"UOBT","channelCode":"VI","issuerCountry":"TH","issuerBank":"CITIBANK NATIONAL ASSOCIATION","installmentMerchantAbsorbRate":null,"cardType":"CREDIT","idempotencyID":"","paymentScheme":"VI","displayProcessingAmount":false,"respCode":"0000","respDesc":"Success"}
2023-10-30T07:27:48+00:00 INFO (6): -----------------Start Log----------------
2023-10-30T07:27:48+00:00 INFO (6): 2c2p Webhook params: {"version":"6.9","request_timestamp":"2023-10-30 14:27:17","merchant_id":"764764000001140","order_id":"3000039278","invoice_no":"3000039278","currency":"764","amount":"000000382500","transaction_ref":"327290026","approval_code":"001682","eci":"05","transaction_datetime":"2023-10-30 14:27:42","payment_channel":"001","payment_status":"000","channel_response_code":"00","channel_response_desc":"Approved","masked_pan":"403375XXXXXX4581","stored_card_unique_id":"","backend_invoice":"211353781","paid_channel":"","paid_agent":"","recurring_unique_id":"","user_defined_1":"64580","user_defined_2":"","user_defined_3":"","user_defined_4":"","user_defined_5":"","browser_info":"","ippPeriod":"","ippInterestType":"","ippInterestRate":"","ippMerchantAbsorbRate":"","hash_value":"3D9E45B80F151E6ED591AE5A4B126C97B3D1BA94"}
2023-10-30T07:27:48+00:00 INFO (6): Order ID: 64580, Increment ID: 3000039278, Grand Total: 3825.0000
2023-10-30T07:27:48+00:00 INFO (6): -----------------Start Logging Order Products List----------------
2023-10-30T07:27:48+00:00 INFO (6): Product ID: 319, Name : เสื้อโปโล ฟ๊อกซ์เฮด	สีดำ, SKU : FU00203KJ7007P199XL, Product Final Price : 4500
2023-10-30T07:27:48+00:00 INFO (6): -----------------End Logging Order Products List----------------
2023-10-30T07:27:48+00:00 INFO (6): -----------------End Log----------------
2023-10-30T07:27:52+00:00 INFO (6): Payment Inquiry Response: {"cardNo":"403375XXXXXX4581","cardToken":"","loyaltyPoints":null,"merchantID":"764764000001140","invoiceNo":"3000039278","amount":3825,"monthlyPayment":null,"userDefined1":"64580","userDefined2":"","userDefined3":"","userDefined4":"","userDefined5":"","currencyCode":"THB","recurringUniqueID":"","tranRef":"327290026","referenceNo":"211353781","approvalCode":"001682","eci":"05","transactionDateTime":"20231030142742","agentCode":"UOBT","channelCode":"VI","issuerCountry":"TH","issuerBank":"UNITED OVERSEAS BANK (THAI) PUBLIC COMPANY LIMITED","installmentMerchantAbsorbRate":null,"cardType":"CREDIT","idempotencyID":"","paymentScheme":"VI","displayProcessingAmount":false,"respCode":"0000","respDesc":"Success"}
