[2023-11-08T00:18:19.857110+00:00] report.ERROR: Unable to resolve the source file for 'frontend/Pearl/weltpixel_custom/en_US/iframeResizer.js' [] []
[2023-11-08T00:18:19.859017+00:00] report.CRITICAL: Unable to resolve the source file for 'frontend/Pearl/weltpixel_custom/en_US/iframeResizer.js' [] []
[2023-11-08T00:18:22.479520+00:00] report.ERROR: Unable to resolve the source file for 'frontend/Pearl/weltpixel_custom/en_US/weltpixel_ga4_gtm.js' [] []
[2023-11-08T00:18:22.481455+00:00] report.CRITICAL: Unable to resolve the source file for 'frontend/Pearl/weltpixel_custom/en_US/weltpixel_ga4_gtm.js' [] []
[2023-11-08T00:26:33.656508+00:00] report.ERROR: Unable to resolve the source file for 'frontend/Pearl/weltpixel_custom/en_US/jquery/jquery-migrate.js' [] []
[2023-11-08T00:26:33.658534+00:00] report.CRITICAL: Unable to resolve the source file for 'frontend/Pearl/weltpixel_custom/en_US/jquery/jquery-migrate.js' [] []
[2023-11-08T00:29:40.019958+00:00] report.ERROR: Unable to resolve the source file for 'frontend/Pearl/weltpixel_custom/en_US/iframeResizer.js' [] []
[2023-11-08T00:29:40.021912+00:00] report.CRITICAL: Unable to resolve the source file for 'frontend/Pearl/weltpixel_custom/en_US/iframeResizer.js' [] []
[2023-11-08T00:36:55.003678+00:00] report.ERROR: Unable to resolve the source file for 'frontend/Pearl/weltpixel_custom/en_US/wpShowMoreLess.js' [] []
[2023-11-08T00:36:55.005664+00:00] report.CRITICAL: Unable to resolve the source file for 'frontend/Pearl/weltpixel_custom/en_US/wpShowMoreLess.js' [] []
[2023-11-08T00:36:55.210749+00:00] report.ERROR: Unable to resolve the source file for 'frontend/Pearl/weltpixel_custom/en_US/wpInstantSearch.js' [] []
[2023-11-08T00:36:55.212745+00:00] report.CRITICAL: Unable to resolve the source file for 'frontend/Pearl/weltpixel_custom/en_US/wpInstantSearch.js' [] []
[2023-11-08T00:39:07.336097+00:00] report.ERROR: Unable to resolve the source file for 'frontend/Pearl/weltpixel_custom/en_US/wpShowMoreLess.js' [] []
[2023-11-08T00:39:07.338198+00:00] report.CRITICAL: Unable to resolve the source file for 'frontend/Pearl/weltpixel_custom/en_US/wpShowMoreLess.js' [] []
[2023-11-08T00:39:44.497955+00:00] report.ERROR: Unable to resolve the source file for 'frontend/Pearl/weltpixel_custom/th_TH/wpShowMoreLess.js' [] []
[2023-11-08T00:39:44.499980+00:00] report.CRITICAL: Unable to resolve the source file for 'frontend/Pearl/weltpixel_custom/th_TH/wpShowMoreLess.js' [] []
[2023-11-08T00:39:44.575995+00:00] report.ERROR: Unable to resolve the source file for 'frontend/Pearl/weltpixel_custom/th_TH/wpInstantSearch.js' [] []
[2023-11-08T00:39:44.577910+00:00] report.CRITICAL: Unable to resolve the source file for 'frontend/Pearl/weltpixel_custom/th_TH/wpInstantSearch.js' [] []
[2023-11-08T00:39:48.280077+00:00] report.ERROR: Unable to resolve the source file for 'frontend/Pearl/weltpixel_custom/th_TH/weltpixel_ga4_persistentLayer.js' [] []
[2023-11-08T00:39:48.282067+00:00] report.CRITICAL: Unable to resolve the source file for 'frontend/Pearl/weltpixel_custom/th_TH/weltpixel_ga4_persistentLayer.js' [] []
[2023-11-08T00:47:27.383043+00:00] report.ERROR: Unable to resolve the source file for 'frontend/Pearl/weltpixel_custom/en_US/iframeResizer.js' [] []
[2023-11-08T00:47:27.385026+00:00] report.CRITICAL: Unable to resolve the source file for 'frontend/Pearl/weltpixel_custom/en_US/iframeResizer.js' [] []
[2023-11-08T00:47:37.192496+00:00] report.ERROR: Unable to resolve the source file for 'frontend/Pearl/weltpixel_custom/en_US/weltpixel_ga4_gtm.js' [] []
[2023-11-08T00:47:37.194480+00:00] report.CRITICAL: Unable to resolve the source file for 'frontend/Pearl/weltpixel_custom/en_US/weltpixel_ga4_gtm.js' [] []
[2023-11-08T00:48:10.176914+00:00] report.ERROR: Unable to resolve the source file for 'frontend/Pearl/weltpixel_custom/en_US/wpInstantSearch.js' [] []
[2023-11-08T00:48:10.178896+00:00] report.CRITICAL: Unable to resolve the source file for 'frontend/Pearl/weltpixel_custom/en_US/wpInstantSearch.js' [] []
[2023-11-08T00:48:10.287345+00:00] report.ERROR: Unable to resolve the source file for 'frontend/Pearl/weltpixel_custom/en_US/wpShowMoreLess.js' [] []
[2023-11-08T00:48:10.289183+00:00] report.CRITICAL: Unable to resolve the source file for 'frontend/Pearl/weltpixel_custom/en_US/wpShowMoreLess.js' [] []
[2023-11-08T00:50:49.154516+00:00] report.ERROR: Unable to resolve the source file for 'frontend/Pearl/weltpixel_custom/th_TH/weltpixel_ga4_gtm.js' [] []
[2023-11-08T00:50:49.156584+00:00] report.CRITICAL: Unable to resolve the source file for 'frontend/Pearl/weltpixel_custom/th_TH/weltpixel_ga4_gtm.js' [] []
[2023-11-08T00:56:20.515351+00:00] report.ERROR: Unable to resolve the source file for 'frontend/Pearl/weltpixel_custom/th_TH/weltpixel_ga4_persistentLayer.js' [] []
[2023-11-08T00:56:20.518193+00:00] report.CRITICAL: Unable to resolve the source file for 'frontend/Pearl/weltpixel_custom/th_TH/weltpixel_ga4_persistentLayer.js' [] []
[2023-11-08T01:01:37.686131+00:00] report.ERROR: Unable to resolve the source file for 'frontend/Pearl/weltpixel_custom/th_TH/iframeResizer.js' [] []
[2023-11-08T01:01:37.688032+00:00] report.CRITICAL: Unable to resolve the source file for 'frontend/Pearl/weltpixel_custom/th_TH/iframeResizer.js' [] []
[2023-11-08T01:01:37.757277+00:00] report.ERROR: Unable to resolve the source file for 'frontend/Pearl/weltpixel_custom/th_TH/weltpixel_ga4_persistentLayer.js' [] []
[2023-11-08T01:01:37.759124+00:00] report.CRITICAL: Unable to resolve the source file for 'frontend/Pearl/weltpixel_custom/th_TH/weltpixel_ga4_persistentLayer.js' [] []
[2023-11-08T01:05:52.605205+00:00] report.ERROR: Unable to resolve the source file for 'frontend/Pearl/weltpixel_custom/en_US/iframeResizer.js' [] []
[2023-11-08T01:05:52.607093+00:00] report.CRITICAL: Unable to resolve the source file for 'frontend/Pearl/weltpixel_custom/en_US/iframeResizer.js' [] []
[2023-11-08T01:05:53.445321+00:00] report.ERROR: Unable to resolve the source file for 'frontend/Pearl/weltpixel_custom/en_US/wpInstantSearch.js' [] []
[2023-11-08T01:05:53.447314+00:00] report.CRITICAL: Unable to resolve the source file for 'frontend/Pearl/weltpixel_custom/en_US/wpInstantSearch.js' [] []
[2023-11-08T01:07:42.616728+00:00] report.ERROR: Environment emulation nesting is not allowed. [] []
[2023-11-08T01:20:31.048022+00:00] report.ERROR: Unable to resolve the source file for 'frontend/Pearl/weltpixel_custom/en_US/wpInstantSearch.js' [] []
[2023-11-08T01:20:31.049916+00:00] report.CRITICAL: Unable to resolve the source file for 'frontend/Pearl/weltpixel_custom/en_US/wpInstantSearch.js' [] []
[2023-11-08T01:20:31.127527+00:00] report.ERROR: Unable to resolve the source file for 'frontend/Pearl/weltpixel_custom/en_US/weltpixel_ga4_persistentLayer.js' [] []
[2023-11-08T01:20:31.129448+00:00] report.CRITICAL: Unable to resolve the source file for 'frontend/Pearl/weltpixel_custom/en_US/weltpixel_ga4_persistentLayer.js' [] []
[2023-11-08T01:21:17.504080+00:00] report.ERROR: Unable to resolve the source file for 'frontend/Pearl/weltpixel_custom/en_US/weltpixel_ga4_gtm.js' [] []
[2023-11-08T01:21:17.506088+00:00] report.CRITICAL: Unable to resolve the source file for 'frontend/Pearl/weltpixel_custom/en_US/weltpixel_ga4_gtm.js' [] []
[2023-11-08T01:22:42.267733+00:00] report.ERROR: Unable to resolve the source file for 'frontend/Pearl/weltpixel_custom/th_TH/weltpixel_ga4_persistentLayer.js' [] []
[2023-11-08T01:22:42.269834+00:00] report.CRITICAL: Unable to resolve the source file for 'frontend/Pearl/weltpixel_custom/th_TH/weltpixel_ga4_persistentLayer.js' [] []
[2023-11-08T01:27:29.508354+00:00] report.ERROR: Unable to resolve the source file for 'frontend/Pearl/weltpixel_custom/en_US/wpInstantSearch.js' [] []
[2023-11-08T01:27:29.510426+00:00] report.CRITICAL: Unable to resolve the source file for 'frontend/Pearl/weltpixel_custom/en_US/wpInstantSearch.js' [] []
[2023-11-08T01:27:29.730519+00:00] report.ERROR: Unable to resolve the source file for 'frontend/Pearl/weltpixel_custom/en_US/iframeResizer.js' [] []
[2023-11-08T01:27:29.732392+00:00] report.CRITICAL: Unable to resolve the source file for 'frontend/Pearl/weltpixel_custom/en_US/iframeResizer.js' [] []
[2023-11-08T01:28:10.219810+00:00] report.ERROR: Unable to resolve the source file for 'frontend/Pearl/weltpixel_custom/en_US/weltpixel_ga4_persistentLayer.js' [] []
[2023-11-08T01:28:10.221692+00:00] report.CRITICAL: Unable to resolve the source file for 'frontend/Pearl/weltpixel_custom/en_US/weltpixel_ga4_persistentLayer.js' [] []
[2023-11-08T01:31:29.120739+00:00] report.ERROR: Unable to resolve the source file for 'frontend/Pearl/weltpixel_custom/th_TH/weltpixel_ga4_gtm.js' [] []
[2023-11-08T01:31:29.122644+00:00] report.CRITICAL: Unable to resolve the source file for 'frontend/Pearl/weltpixel_custom/th_TH/weltpixel_ga4_gtm.js' [] []
[2023-11-08T01:31:29.183286+00:00] report.ERROR: Unable to resolve the source file for 'frontend/Pearl/weltpixel_custom/th_TH/iframeResizer.js' [] []
[2023-11-08T01:31:29.185117+00:00] report.CRITICAL: Unable to resolve the source file for 'frontend/Pearl/weltpixel_custom/th_TH/iframeResizer.js' [] []
[2023-11-08T01:36:26.547643+00:00] report.ERROR: Unable to resolve the source file for 'frontend/Pearl/weltpixel_custom/en_US/iframeResizer.js' [] []
[2023-11-08T01:36:26.549578+00:00] report.CRITICAL: Unable to resolve the source file for 'frontend/Pearl/weltpixel_custom/en_US/iframeResizer.js' [] []
[2023-11-08T01:42:44.514359+00:00] report.ERROR: Unable to resolve the source file for 'frontend/Pearl/weltpixel_custom/en_US/wpInstantSearch.js' [] []
[2023-11-08T01:42:44.516251+00:00] report.CRITICAL: Unable to resolve the source file for 'frontend/Pearl/weltpixel_custom/en_US/wpInstantSearch.js' [] []
[2023-11-08T01:43:25.266499+00:00] report.ERROR: Unable to resolve the source file for 'frontend/Pearl/weltpixel_custom/en_US/weltpixel_ga4_persistentLayer.js' [] []
[2023-11-08T01:43:25.269323+00:00] report.CRITICAL: Unable to resolve the source file for 'frontend/Pearl/weltpixel_custom/en_US/weltpixel_ga4_persistentLayer.js' [] []
[2023-11-08T01:43:25.305459+00:00] report.ERROR: Unable to resolve the source file for 'frontend/Pearl/weltpixel_custom/en_US/weltpixel_ga4_gtm.js' [] []
[2023-11-08T01:43:25.307453+00:00] report.CRITICAL: Unable to resolve the source file for 'frontend/Pearl/weltpixel_custom/en_US/weltpixel_ga4_gtm.js' [] []
[2023-11-08T01:43:50.353797+00:00] report.ERROR: Unable to resolve the source file for 'frontend/Pearl/weltpixel_custom/th_TH/weltpixel_ga4_persistentLayer.js' [] []
[2023-11-08T01:43:50.355875+00:00] report.CRITICAL: Unable to resolve the source file for 'frontend/Pearl/weltpixel_custom/th_TH/weltpixel_ga4_persistentLayer.js' [] []
[2023-11-08T01:43:50.356744+00:00] report.ERROR: Unable to resolve the source file for 'frontend/Pearl/weltpixel_custom/th_TH/iframeResizer.js' [] []
[2023-11-08T01:43:50.358619+00:00] report.CRITICAL: Unable to resolve the source file for 'frontend/Pearl/weltpixel_custom/th_TH/iframeResizer.js' [] []
[2023-11-08T01:49:50.649167+00:00] report.ERROR: Unable to resolve the source file for 'frontend/Pearl/weltpixel_custom/en_US/weltpixel_ga4_persistentLayer.js' [] []
[2023-11-08T01:49:50.651833+00:00] report.CRITICAL: Unable to resolve the source file for 'frontend/Pearl/weltpixel_custom/en_US/weltpixel_ga4_persistentLayer.js' [] []
[2023-11-08T01:50:17.426654+00:00] report.ERROR: Unable to resolve the source file for 'frontend/Pearl/weltpixel_custom/en_US/wpInstantSearch.js' [] []
[2023-11-08T01:50:17.427933+00:00] report.ERROR: Unable to resolve the source file for 'frontend/Pearl/weltpixel_custom/en_US/wpShowMoreLess.js' [] []
[2023-11-08T01:50:17.429415+00:00] report.CRITICAL: Unable to resolve the source file for 'frontend/Pearl/weltpixel_custom/en_US/wpInstantSearch.js' [] []
[2023-11-08T01:50:17.430375+00:00] report.CRITICAL: Unable to resolve the source file for 'frontend/Pearl/weltpixel_custom/en_US/wpShowMoreLess.js' [] []
[2023-11-08T01:50:22.131863+00:00] report.ERROR: Unable to resolve the source file for 'frontend/Pearl/weltpixel_custom/en_US/iframeResizer.js' [] []
[2023-11-08T01:50:22.134292+00:00] report.CRITICAL: Unable to resolve the source file for 'frontend/Pearl/weltpixel_custom/en_US/iframeResizer.js' [] []
[2023-11-08T01:50:23.263653+00:00] report.ERROR: Unable to resolve the source file for 'frontend/Pearl/weltpixel_custom/en_US/weltpixel_ga4_persistentLayer.js' [] []
[2023-11-08T01:50:23.265566+00:00] report.CRITICAL: Unable to resolve the source file for 'frontend/Pearl/weltpixel_custom/en_US/weltpixel_ga4_persistentLayer.js' [] []
[2023-11-08T02:00:22.074159+00:00] report.ERROR: Unable to resolve the source file for 'frontend/Pearl/weltpixel_custom/en_US/weltpixel_ga4_persistentLayer.js' [] []
[2023-11-08T02:00:22.076089+00:00] report.CRITICAL: Unable to resolve the source file for 'frontend/Pearl/weltpixel_custom/en_US/weltpixel_ga4_persistentLayer.js' [] []
[2023-11-08T02:00:56.654326+00:00] report.ERROR: Unable to resolve the source file for 'frontend/Pearl/weltpixel_custom/en_US/wpShowMoreLess.js' [] []
[2023-11-08T02:00:56.656308+00:00] report.CRITICAL: Unable to resolve the source file for 'frontend/Pearl/weltpixel_custom/en_US/wpShowMoreLess.js' [] []
[2023-11-08T02:00:57.322079+00:00] report.ERROR: Unable to resolve the source file for 'frontend/Pearl/weltpixel_custom/en_US/iframeResizer.js' [] []
[2023-11-08T02:00:57.323988+00:00] report.CRITICAL: Unable to resolve the source file for 'frontend/Pearl/weltpixel_custom/en_US/iframeResizer.js' [] []
[2023-11-08T02:01:00.003946+00:00] report.ERROR: Unable to resolve the source file for 'frontend/Pearl/weltpixel_custom/en_US/weltpixel_ga4_gtm.js' [] []
[2023-11-08T02:01:00.005849+00:00] report.CRITICAL: Unable to resolve the source file for 'frontend/Pearl/weltpixel_custom/en_US/weltpixel_ga4_gtm.js' [] []
[2023-11-08T02:06:33.512339+00:00] report.ERROR: Unable to resolve the source file for 'frontend/Pearl/weltpixel_custom/en_US/wpInstantSearch.js' [] []
[2023-11-08T02:06:33.514289+00:00] report.CRITICAL: Unable to resolve the source file for 'frontend/Pearl/weltpixel_custom/en_US/wpInstantSearch.js' [] []
[2023-11-08T02:06:33.589891+00:00] report.ERROR: Unable to resolve the source file for 'frontend/Pearl/weltpixel_custom/en_US/wpShowMoreLess.js' [] []
[2023-11-08T02:06:33.591813+00:00] report.CRITICAL: Unable to resolve the source file for 'frontend/Pearl/weltpixel_custom/en_US/wpShowMoreLess.js' [] []
[2023-11-08T02:06:34.246238+00:00] report.ERROR: Unable to resolve the source file for 'frontend/Pearl/weltpixel_custom/en_US/iframeResizer.js' [] []
[2023-11-08T02:06:34.248163+00:00] report.CRITICAL: Unable to resolve the source file for 'frontend/Pearl/weltpixel_custom/en_US/iframeResizer.js' [] []
[2023-11-08T02:19:24.418873+00:00] report.ERROR: Unable to resolve the source file for 'frontend/Pearl/weltpixel_custom/en_US/weltpixel_ga4_gtm.js' [] []
[2023-11-08T02:19:24.420820+00:00] report.CRITICAL: Unable to resolve the source file for 'frontend/Pearl/weltpixel_custom/en_US/weltpixel_ga4_gtm.js' [] []
[2023-11-08T02:19:24.488359+00:00] report.ERROR: Unable to resolve the source file for 'frontend/Pearl/weltpixel_custom/en_US/weltpixel_ga4_persistentLayer.js' [] []
[2023-11-08T02:19:24.491163+00:00] report.CRITICAL: Unable to resolve the source file for 'frontend/Pearl/weltpixel_custom/en_US/weltpixel_ga4_persistentLayer.js' [] []
[2023-11-08T02:22:47.655747+00:00] report.ERROR: Unable to resolve the source file for 'frontend/Pearl/weltpixel_custom/th_TH/weltpixel_ga4_persistentLayer.js' [] []
[2023-11-08T02:22:47.657764+00:00] report.CRITICAL: Unable to resolve the source file for 'frontend/Pearl/weltpixel_custom/th_TH/weltpixel_ga4_persistentLayer.js' [] []
[2023-11-08T02:22:47.841282+00:00] report.ERROR: Unable to resolve the source file for 'frontend/Pearl/weltpixel_custom/th_TH/weltpixel_ga4_gtm.js' [] []
[2023-11-08T02:22:47.843610+00:00] report.CRITICAL: Unable to resolve the source file for 'frontend/Pearl/weltpixel_custom/th_TH/weltpixel_ga4_gtm.js' [] []
[2023-11-08T02:25:40.615013+00:00] report.ERROR: Unable to resolve the source file for 'frontend/Pearl/weltpixel_custom/en_US/wpShowMoreLess.js' [] []
[2023-11-08T02:25:40.616997+00:00] report.CRITICAL: Unable to resolve the source file for 'frontend/Pearl/weltpixel_custom/en_US/wpShowMoreLess.js' [] []
[2023-11-08T02:30:48.005660+00:00] report.ERROR: Unable to resolve the source file for 'frontend/Pearl/weltpixel_custom/en_US/weltpixel_ga4_gtm.js' [] []
[2023-11-08T02:30:48.007551+00:00] report.CRITICAL: Unable to resolve the source file for 'frontend/Pearl/weltpixel_custom/en_US/weltpixel_ga4_gtm.js' [] []
[2023-11-08T02:35:30.605887+00:00] report.ERROR: Unable to resolve the source file for 'frontend/Pearl/weltpixel_custom/en_US/mage/ie-class-fixer.js' [] []
[2023-11-08T02:35:30.607733+00:00] report.CRITICAL: Unable to resolve the source file for 'frontend/Pearl/weltpixel_custom/en_US/mage/ie-class-fixer.js' [] []
[2023-11-08T02:41:41.702704+00:00] report.ERROR: Warning: Undefined property: WeltPixel\LayeredNavigation\Plugin\CatalogSearch\ResultView::$_redirect in /app/c2x265swloas2/app/code/WeltPixel/LayeredNavigation/Plugin/CatalogSearch/ResultView.php on line 188 [] []
[2023-11-08T02:45:00.613664+00:00] report.ERROR: Unable to resolve the source file for 'frontend/Pearl/weltpixel_custom/en_US/iframeResizer.js' [] []
[2023-11-08T02:45:00.615595+00:00] report.CRITICAL: Unable to resolve the source file for 'frontend/Pearl/weltpixel_custom/en_US/iframeResizer.js' [] []
[2023-11-08T02:45:01.203938+00:00] report.ERROR: Unable to resolve the source file for 'frontend/Pearl/weltpixel_custom/en_US/weltpixel_ga4_persistentLayer.js' [] []
[2023-11-08T02:45:01.205889+00:00] report.CRITICAL: Unable to resolve the source file for 'frontend/Pearl/weltpixel_custom/en_US/weltpixel_ga4_persistentLayer.js' [] []
[2023-11-08T02:45:26.540113+00:00] report.ERROR: Unable to resolve the source file for 'frontend/Pearl/weltpixel_custom/en_US/wpInstantSearch.js' [] []
[2023-11-08T02:45:26.542012+00:00] report.CRITICAL: Unable to resolve the source file for 'frontend/Pearl/weltpixel_custom/en_US/wpInstantSearch.js' [] []
[2023-11-08T02:45:26.687292+00:00] report.ERROR: Unable to resolve the source file for 'frontend/Pearl/weltpixel_custom/en_US/iframeResizer.js' [] []
[2023-11-08T02:45:26.689214+00:00] report.CRITICAL: Unable to resolve the source file for 'frontend/Pearl/weltpixel_custom/en_US/iframeResizer.js' [] []
[2023-11-08T02:45:53.490854+00:00] report.ERROR: Unable to resolve the source file for 'frontend/Pearl/weltpixel_custom/th_TH/iframeResizer.js' [] []
[2023-11-08T02:45:53.493453+00:00] report.CRITICAL: Unable to resolve the source file for 'frontend/Pearl/weltpixel_custom/th_TH/iframeResizer.js' [] []
[2023-11-08T02:45:53.507366+00:00] report.ERROR: Unable to resolve the source file for 'frontend/Pearl/weltpixel_custom/th_TH/weltpixel_ga4_gtm.js' [] []
[2023-11-08T02:45:53.510241+00:00] report.CRITICAL: Unable to resolve the source file for 'frontend/Pearl/weltpixel_custom/th_TH/weltpixel_ga4_gtm.js' [] []
